<?xml version="1.0" encoding="UTF-8"?>
<!-- Generated by org.testng.reporters.JUnitReportReporter -->
<testsuite hostname="DESKTOP-C6QDQK9" failures="0" tests="2" name="com.testcases.TestCasesTestNG" time="11.130" errors="0" timestamp="2023-09-18T12:34:14 CDT" skipped="0">
  <testcase classname="com.testcases.TestCasesTestNG" name="TestCaseLoginReset" time="3.426"/>
  <testcase classname="com.testcases.TestCasesTestNG" name="TestCaseLogin" time="7.704"/>
</testsuite> <!-- com.testcases.TestCasesTestNG -->
