<?xml version="1.0" encoding="UTF-8"?>
<!-- Generated by org.testng.reporters.JUnitReportReporter -->
<testsuite hostname="DESKTOP-C6QDQK9" failures="0" tests="2" name="com.testcases.TestCases" time="8.294" errors="0" timestamp="2023-09-12T22:57:13 CDT" skipped="0">
  <testcase classname="com.testcases.TestCases" name="TestCaseLoginReset" time="3.307"/>
  <testcase classname="com.testcases.TestCases" name="TestCaseLogin" time="4.987"/>
</testsuite> <!-- com.testcases.TestCases -->
